==============================================================================
Wikipedia :: Template robot main suite.                                       
==============================================================================
Open Browser                                                          | PASS |
------------------------------------------------------------------------------
Check Wikipedia                                                       | PASS |
------------------------------------------------------------------------------
Check Language - English                                              | PASS |
------------------------------------------------------------------------------
Check Language - Spanyol                                              | PASS |
------------------------------------------------------------------------------
Check Language - Deutsch                                              | PASS |
------------------------------------------------------------------------------
Check Language - Italia                                               | PASS |
------------------------------------------------------------------------------
Check Language - Arab                                                 | PASS |
------------------------------------------------------------------------------
Check Language - Russia                                               | PASS |
------------------------------------------------------------------------------
Check Language - Nihongo                                              | PASS |
------------------------------------------------------------------------------
Check Language - Francis                                              | PASS |
------------------------------------------------------------------------------
Check Language - Zhongwen                                             | PASS |
------------------------------------------------------------------------------
Check Language - Portugis                                             | PASS |
------------------------------------------------------------------------------
Check Link - English                                                  | PASS |
------------------------------------------------------------------------------
Check Link - Spanyol                                                  | PASS |
------------------------------------------------------------------------------
Check Link - Deutsch                                                  | PASS |
------------------------------------------------------------------------------
Check Link - Italia                                                   | PASS |
------------------------------------------------------------------------------
Check Link - Arab                                                     | PASS |
------------------------------------------------------------------------------
Check Link - Russia                                                   | PASS |
------------------------------------------------------------------------------
Check Link - Nihongo                                                  | PASS |
------------------------------------------------------------------------------
Check Link - Francis                                                  | PASS |
------------------------------------------------------------------------------
Check Link - Zhongwen                                                 | PASS |
------------------------------------------------------------------------------
Check Link - Portugis                                                 | PASS |
------------------------------------------------------------------------------
Close Browser                                                         | PASS |
------------------------------------------------------------------------------
Wikipedia :: Template robot main suite.                               | PASS |
23 tests, 23 passed, 0 failed
==============================================================================
Output:  /Users/bezzo/Documents/project/wikipedia/pabot_results/1/0/output.xml
